<?xml version="1.0" encoding="UTF-8"?>
<!-- Generated by org.testng.reporters.JUnitReportReporter -->
<testsuite hostname="ML01W7U" name="argos.saleslogix.selenium.test.AccountEntityViewsTest" tests="13" failures="0" timestamp="7 Oct 2013 14:36:14 GMT" time="506.085" errors="0">
  <testcase name="test01_SeTestTCAccountListView" time="56.408" classname="argos.saleslogix.selenium.test.AccountEntityViewsTest"/>
  <testcase name="test04_SeTestTCAccountListViewNegativeSearch" time="20.757" classname="argos.saleslogix.selenium.test.AccountEntityViewsTest"/>
  <testcase name="test06_SeTestTCAccountListViewOpenRecord" time="31.178" classname="argos.saleslogix.selenium.test.AccountEntityViewsTest"/>
  <testcase name="test07_SeTestTCAccountDetailView" time="95.659" classname="argos.saleslogix.selenium.test.AccountEntityViewsTest"/>
  <testcase name="test10_SeTestTCAccountListViewHashTags" time="75.032" classname="argos.saleslogix.selenium.test.AccountEntityViewsTest"/>
  <testcase name="test99_Mobile_LogOut" time="23.405" classname="argos.saleslogix.selenium.test.AccountEntityViewsTest"/>
  <testcase name="test05_SeTestTCAccountListViewClearSearch" time="33.334" classname="argos.saleslogix.selenium.test.AccountEntityViewsTest"/>
  <testcase name="test08_SeTestTCAccountEditView" time="42.087" classname="argos.saleslogix.selenium.test.AccountEntityViewsTest"/>
  <testcase name="test03_SeTestTCAccountListViewSearch" time="24.342" classname="argos.saleslogix.selenium.test.AccountEntityViewsTest"/>
  <testcase name="test02_SeTestTCAccountListViewLoadMoreResults" time="15.449" classname="argos.saleslogix.selenium.test.AccountEntityViewsTest"/>
  <testcase name="test09_SeTestTCAccountAddEditView" time="25.996" classname="argos.saleslogix.selenium.test.AccountEntityViewsTest"/>
  <testcase name="test00_MobileClient_Login" time="26.136" classname="argos.saleslogix.selenium.test.AccountEntityViewsTest"/>
  <testcase name="test11_SeTestTCAccountListViewKPI" time="36.302" classname="argos.saleslogix.selenium.test.AccountEntityViewsTest"/>
</testsuite> <!-- argos.saleslogix.selenium.test.AccountEntityViewsTest -->
